SF:./lib/main.dart
DA:35,0
DA:36,0
DA:37,0
DA:38,0
DA:39,0
DA:43,1
DA:45,1
DA:47,1
DA:48,1
DA:49,1
DA:50,1
DA:51,4
DA:52,4
DA:53,4
DA:54,1
DA:55,1
DA:56,4
DA:57,4
DA:58,4
DA:59,1
DA:61,1
DA:63,2
DA:67,1
DA:68,1
DA:70,1
DA:71,2
DA:72,1
DA:73,1
DA:74,1
DA:75,0
DA:76,1
DA:77,0
DA:78,1
DA:79,0
DA:80,1
DA:81,0
DA:82,0
DA:83,0
DA:86,1
DA:87,0
DA:88,1
DA:89,0
DA:90,1
DA:91,0
DA:92,1
DA:93,0
DA:94,0
DA:95,0
DA:98,1
DA:99,0
DA:100,1
DA:101,0
DA:102,1
DA:103,3
DA:105,0
DA:106,0
DA:107,0
DA:108,0
LF:58
LH:35
end_of_record
SF:./lib/injection.dart
DA:46,3
DA:48,1
DA:50,2
DA:52,2
DA:53,0
DA:54,0
DA:55,0
DA:56,0
DA:57,0
DA:58,0
DA:61,6
DA:62,6
DA:63,6
DA:64,2
DA:66,2
DA:67,0
DA:68,0
DA:69,0
DA:70,0
DA:71,0
DA:72,0
DA:75,6
DA:76,6
DA:77,6
DA:78,2
DA:81,6
DA:82,6
DA:83,6
DA:84,2
DA:85,2
DA:86,2
DA:87,2
DA:88,2
DA:89,2
DA:90,2
DA:92,6
DA:93,6
DA:94,6
DA:95,2
DA:96,2
DA:97,2
DA:98,2
DA:99,2
DA:100,2
DA:101,2
DA:104,2
DA:105,2
DA:106,2
DA:107,2
DA:110,2
DA:111,2
DA:112,2
DA:113,2
DA:118,2
DA:119,2
DA:120,2
DA:121,2
DA:124,2
DA:125,4
DA:127,2
DA:128,2
DA:129,2
DA:130,2
DA:133,2
DA:134,4
DA:138,4
DA:141,4
DA:142,4
LF:68
LH:56
end_of_record
SF:./lib/firebase_options.dart
DA:18,0
DA:22,0
DA:23,0
DA:25,0
DA:27,0
DA:28,0
DA:32,0
DA:33,0
DA:37,0
DA:38,0
DA:43,0
LF:11
LH:0
end_of_record
SF:./search/lib/domain/usecase/search_movies.dart
DA:9,1
DA:11,1
DA:12,2
LF:3
LH:3
end_of_record
SF:./search/lib/domain/usecase/search_tv_series.dart
DA:9,1
DA:11,1
DA:12,2
LF:3
LH:3
end_of_record
SF:./search/lib/presentation/bloc/search_bloc.dart
DA:16,3
DA:17,2
DA:18,1
DA:19,2
DA:21,2
DA:22,2
DA:24,1
DA:25,4
DA:26,2
DA:27,0
DA:28,3
DA:31,1
DA:34,1
DA:35,3
LF:14
LH:13
end_of_record
SF:./search/lib/presentation/bloc/search_state.dart
DA:4,1
DA:6,1
DA:7,1
DA:17,1
DA:19,1
DA:20,2
DA:27,1
DA:29,1
DA:30,3
LF:9
LH:9
end_of_record
SF:./search/lib/presentation/bloc/search_event.dart
DA:4,1
DA:6,0
DA:7,0
DA:13,1
DA:15,0
DA:16,0
LF:6
LH:2
end_of_record
SF:./about/lib/about_page.dart
DA:5,1
DA:7,1
DA:9,1
DA:10,1
DA:11,1
DA:12,1
DA:13,1
DA:14,1
DA:15,1
DA:17,1
DA:18,1
DA:22,1
DA:23,1
DA:26,1
DA:28,1
DA:35,1
DA:36,1
DA:37,2
DA:38,1
LF:19
LH:19
end_of_record
SF:./movies/lib/domain/usecases/get_watchlist_movies.dart
DA:9,1
DA:11,1
DA:12,2
LF:3
LH:3
end_of_record
SF:./movies/lib/presentation/bloc/watchlist_movie_state.dart
DA:4,1
DA:6,1
DA:7,1
DA:17,1
DA:19,1
DA:20,2
DA:26,1
DA:28,1
DA:29,2
LF:9
LH:9
end_of_record
SF:./movies/lib/presentation/bloc/watchlist_movie_bloc.dart
DA:12,3
DA:13,2
DA:14,2
DA:15,2
DA:16,1
DA:17,4
DA:18,3
LF:7
LH:7
end_of_record
SF:./movies/lib/presentation/bloc/watchlist_movie_event.dart
DA:4,1
DA:6,0
DA:7,0
LF:3
LH:1
end_of_record
SF:./movies/lib/dummy_data/dummy_movie_objects.dart
DA:9,9
DA:12,3
DA:26,27
DA:29,9
DA:43,4
DA:44,28
DA:49,12
DA:50,3
DA:52,3
DA:56,2
DA:76,18
DA:79,12
DA:91,3
DA:98,6
DA:105,3
LF:15
LH:15
end_of_record
SF:./movies/lib/domain/entities/movie.dart
DA:4,9
DA:20,1
DA:49,6
DA:50,6
DA:51,6
DA:52,6
DA:53,6
DA:54,6
DA:55,6
DA:56,6
DA:57,6
DA:58,6
DA:59,6
DA:60,6
DA:61,6
DA:62,6
DA:63,6
LF:17
LH:17
end_of_record
SF:./movies/lib/domain/entities/movie_detail.dart
DA:5,6
DA:33,2
DA:34,2
DA:35,2
DA:36,2
DA:37,2
DA:38,2
DA:39,2
DA:40,2
DA:41,2
DA:42,2
DA:43,2
DA:44,2
DA:45,2
LF:14
LH:14
end_of_record
SF:./movies/lib/data/models/genre_model.dart
DA:5,2
DA:10,1
DA:11,3
DA:13,1
DA:14,3
DA:17,1
DA:18,3
LF:7
LH:7
end_of_record
SF:./movies/lib/domain/entities/genre.dart
DA:4,6
DA:9,2
DA:10,6
LF:3
LH:3
end_of_record
SF:./movies/lib/data/models/movie_detail_model.dart
DA:7,2
DA:53,1
DA:54,1
DA:55,1
DA:56,1
DA:57,1
DA:58,1
DA:59,4
DA:61,1
DA:62,1
DA:63,1
DA:64,1
DA:65,1
DA:66,1
DA:67,2
DA:68,1
DA:69,1
DA:70,1
DA:71,1
DA:72,1
DA:73,1
DA:74,1
DA:75,1
DA:76,2
DA:77,1
DA:80,1
DA:81,1
DA:82,1
DA:83,1
DA:84,5
DA:85,1
DA:86,1
DA:87,1
DA:88,1
DA:89,1
DA:90,1
DA:91,1
DA:92,1
DA:93,1
DA:97,1
DA:98,1
DA:99,1
DA:100,1
DA:101,1
DA:102,1
DA:103,1
DA:104,1
DA:105,1
DA:106,1
DA:107,1
DA:108,1
DA:109,1
DA:110,1
DA:111,1
DA:112,1
DA:113,1
DA:114,1
DA:115,1
DA:116,1
DA:117,1
DA:118,1
DA:119,1
LF:62
LH:62
end_of_record
SF:./movies/lib/data/models/movie_model.dart
DA:6,4
DA:36,4
DA:37,2
DA:38,2
DA:39,8
DA:40,2
DA:41,2
DA:42,2
DA:43,4
DA:44,2
DA:45,2
DA:46,2
DA:47,2
DA:48,4
DA:49,2
DA:52,2
DA:53,1
DA:54,1
DA:55,4
DA:56,1
DA:57,1
DA:58,1
DA:59,1
DA:60,1
DA:61,1
DA:62,1
DA:63,1
DA:64,1
DA:65,1
DA:68,2
DA:69,2
DA:70,2
DA:71,2
DA:72,2
DA:73,2
DA:74,2
DA:75,2
DA:76,2
DA:77,2
DA:78,2
DA:79,2
DA:80,2
DA:81,2
DA:82,2
DA:86,2
DA:87,2
DA:88,2
DA:89,2
DA:90,2
DA:91,2
DA:92,2
DA:93,2
DA:94,2
DA:95,2
DA:96,2
DA:97,2
DA:98,2
DA:99,2
DA:100,2
LF:59
LH:59
end_of_record
SF:./movies/lib/data/models/movie_table.dart
DA:12,2
DA:19,2
DA:20,1
DA:21,1
DA:22,1
DA:23,1
DA:26,2
DA:27,1
DA:28,1
DA:29,1
DA:30,1
DA:33,0
DA:34,0
DA:35,0
DA:36,0
DA:37,0
DA:40,2
DA:41,1
DA:42,1
DA:43,1
DA:44,1
DA:47,2
DA:48,10
LF:23
LH:18
end_of_record
SF:./movies/lib/presentation/widgets/movie_card_list.dart
DA:11,1
DA:13,1
DA:15,1
DA:17,1
DA:18,1
DA:19,3
DA:21,1
DA:23,1
DA:24,1
DA:25,1
DA:31,1
DA:33,1
DA:34,1
DA:35,2
DA:38,1
DA:40,1
DA:41,1
DA:42,2
DA:50,1
DA:52,1
DA:53,2
DA:54,1
DA:55,3
DA:58,1
DA:59,2
DA:60,0
LF:26
LH:25
end_of_record
SF:./movies/lib/domain/usecases/get_popular_movies.dart
DA:9,1
DA:11,1
DA:12,2
LF:3
LH:3
end_of_record
SF:./movies/lib/presentation/bloc/popular_movies_state.dart
DA:4,1
DA:6,1
DA:7,1
DA:17,1
DA:19,1
DA:20,2
DA:26,1
DA:28,1
DA:29,2
LF:9
LH:9
end_of_record
SF:./movies/lib/presentation/bloc/popular_movies_bloc.dart
DA:12,3
DA:13,2
DA:14,2
DA:15,4
DA:16,1
DA:17,4
DA:18,3
LF:7
LH:7
end_of_record
SF:./movies/lib/presentation/bloc/popular_movies_event.dart
DA:4,1
DA:6,0
DA:7,0
LF:3
LH:1
end_of_record
SF:./movies/lib/domain/usecases/get_now_playing_movies.dart
DA:9,1
DA:11,1
DA:12,2
LF:3
LH:3
end_of_record
SF:./movies/lib/presentation/bloc/now_playing_movies_state.dart
DA:4,1
DA:6,1
DA:7,1
DA:17,1
DA:19,1
DA:20,2
DA:26,1
DA:28,1
DA:29,2
LF:9
LH:9
end_of_record
SF:./movies/lib/presentation/bloc/now_playing_movies_bloc.dart
DA:12,1
DA:13,2
DA:14,2
DA:15,2
DA:16,4
DA:17,1
DA:18,4
DA:19,3
LF:8
LH:8
end_of_record
SF:./movies/lib/presentation/bloc/now_playing_movies_event.dart
DA:4,1
DA:6,0
DA:7,0
LF:3
LH:1
end_of_record
SF:./movies/lib/domain/usecases/get_top_rated_movies.dart
DA:9,1
DA:11,1
DA:12,2
LF:3
LH:3
end_of_record
SF:./movies/lib/presentation/bloc/top_rated_movies_bloc.dart
DA:12,3
DA:13,2
DA:14,2
DA:15,2
DA:16,1
DA:17,4
DA:18,0
LF:7
LH:6
end_of_record
SF:./movies/lib/presentation/bloc/top_rated_movies_event.dart
DA:4,1
DA:6,0
DA:7,0
LF:3
LH:1
end_of_record
SF:./movies/lib/presentation/bloc/top_rated_movies_state.dart
DA:4,1
DA:6,1
DA:7,1
DA:17,0
DA:19,0
DA:20,0
DA:26,1
DA:28,1
DA:29,2
LF:9
LH:6
end_of_record
SF:./movies/lib/domain/usecases/get_movie_detail.dart
DA:9,1
DA:11,1
DA:12,2
LF:3
LH:3
end_of_record
SF:./movies/lib/domain/usecases/get_movie_recommendations.dart
DA:9,1
DA:11,1
DA:12,2
LF:3
LH:3
end_of_record
SF:./movies/lib/domain/usecases/get_watchlist_status.dart
DA:6,1
DA:8,1
DA:9,2
LF:3
LH:3
end_of_record
SF:./movies/lib/domain/usecases/remove_watchlist.dart
DA:9,1
DA:11,1
DA:12,2
LF:3
LH:3
end_of_record
SF:./movies/lib/domain/usecases/save_watchlist.dart
DA:9,1
DA:11,1
DA:12,2
LF:3
LH:3
end_of_record
SF:./movies/lib/presentation/bloc/movie_detail_bloc.dart
DA:18,1
DA:24,2
DA:25,2
DA:26,2
DA:27,2
DA:28,2
DA:31,1
DA:35,2
DA:36,3
DA:37,2
DA:38,1
DA:40,3
DA:42,1
DA:43,4
DA:44,2
DA:45,0
DA:46,2
DA:47,1
DA:57,1
DA:61,2
DA:62,1
DA:63,3
DA:65,1
DA:66,0
DA:67,1
DA:69,4
DA:70,1
DA:71,1
DA:79,1
DA:83,2
DA:84,1
DA:85,3
DA:87,1
DA:88,0
DA:89,1
DA:91,4
DA:92,1
DA:93,1
DA:101,1
DA:105,2
DA:106,1
DA:107,3
DA:108,2
LF:43
LH:40
end_of_record
SF:./movies/lib/presentation/bloc/movie_detail_event.dart
DA:5,2
DA:7,0
DA:8,0
DA:14,2
DA:16,0
DA:17,0
DA:23,2
DA:25,1
DA:26,2
DA:32,2
DA:34,1
DA:35,2
DA:41,2
DA:43,0
DA:44,0
LF:15
LH:9
end_of_record
SF:./movies/lib/presentation/bloc/movie_detail_state.dart
DA:6,2
DA:8,1
DA:9,1
DA:22,2
DA:29,1
DA:35,1
DA:36,1
DA:37,1
DA:38,0
DA:39,1
DA:43,1
DA:44,1
DA:45,1
DA:46,1
DA:47,1
DA:48,1
DA:55,2
DA:57,1
DA:58,2
LF:19
LH:18
end_of_record
SF:./movies/lib/data/datasources/movie_local_data_source.dart
DA:16,1
DA:18,1
DA:21,2
DA:24,2
DA:28,1
DA:31,2
DA:34,2
DA:38,1
DA:40,2
DA:42,1
DA:48,1
DA:50,2
DA:51,4
LF:13
LH:13
end_of_record
SF:./movies/lib/data/datasources/movie_remote_data_source.dart
DA:25,1
DA:30,1
DA:32,3
DA:33,2
DA:34,1
DA:37,2
DA:38,4
DA:40,1
DA:44,1
DA:46,3
DA:47,4
DA:49,2
DA:50,3
DA:52,1
DA:56,1
DA:58,3
DA:59,2
DA:60,2
DA:63,2
DA:64,4
DA:66,1
DA:70,1
DA:72,3
DA:73,2
DA:74,1
DA:77,2
DA:78,4
DA:80,1
DA:84,1
DA:86,3
DA:87,2
DA:88,1
DA:91,2
DA:92,4
DA:94,1
DA:98,1
DA:100,3
DA:101,2
DA:102,2
DA:105,2
DA:106,4
DA:108,1
LF:42
LH:42
end_of_record
SF:./movies/lib/data/models/movie_response.dart
DA:7,2
DA:9,4
DA:10,2
DA:11,2
DA:12,6
DA:13,6
DA:17,2
DA:18,5
DA:21,1
DA:22,2
LF:10
LH:10
end_of_record
SF:./movies/lib/presentation/pages/movie_detail_page.dart
DA:17,1
DA:19,1
DA:20,1
DA:24,1
DA:26,1
DA:27,2
DA:28,1
DA:29,6
DA:30,6
DA:35,1
DA:37,1
DA:38,1
DA:39,1
DA:40,1
DA:41,2
DA:42,1
DA:43,1
DA:44,1
DA:45,1
DA:47,1
DA:48,1
DA:50,1
DA:51,3
DA:53,0
DA:66,1
DA:73,1
DA:75,3
DA:76,1
DA:77,1
DA:78,1
DA:79,3
DA:82,3
DA:83,0
DA:85,1
DA:87,1
DA:88,1
DA:89,1
DA:90,1
DA:92,2
DA:95,1
DA:96,1
DA:97,1
DA:99,1
DA:101,1
DA:103,1
DA:104,4
DA:105,1
DA:106,0
DA:107,0
DA:108,0
DA:109,0
DA:110,0
DA:111,0
DA:116,1
DA:120,1
DA:121,1
DA:122,1
DA:123,1
DA:124,1
DA:125,2
DA:126,2
DA:129,2
DA:130,2
DA:135,1
DA:137,1
DA:138,1
DA:139,1
DA:140,1
DA:152,4
DA:153,4
DA:154,1
DA:155,1
DA:156,1
DA:157,3
DA:160,2
DA:166,4
DA:169,1
DA:170,2
DA:171,3
DA:172,1
DA:173,2
DA:174,1
DA:175,1
DA:176,1
DA:177,0
DA:178,0
DA:180,1
DA:181,1
DA:183,1
DA:185,1
DA:187,2
DA:188,1
DA:190,1
DA:191,0
DA:192,0
DA:195,0
DA:198,1
DA:199,1
DA:200,1
DA:202,1
DA:204,2
DA:206,2
DA:208,1
DA:211,0
DA:212,0
DA:218,2
DA:222,0
DA:230,1
DA:232,1
DA:245,1
DA:247,1
DA:250,1
DA:251,1
DA:252,0
DA:253,0
DA:262,1
DA:264,2
DA:265,3
DA:268,1
DA:272,3
DA:275,1
DA:276,1
DA:277,1
DA:279,1
DA:280,1
DA:282,0
LF:126
LH:107
end_of_record
SF:./movies/lib/data/repositories/movie_repository_impl.dart
DA:17,1
DA:22,1
DA:26,1
DA:27,1
DA:28,1
DA:29,2
DA:30,1
DA:31,2
DA:35,1
DA:39,1
DA:40,1
DA:41,1
DA:42,3
DA:46,1
DA:48,1
DA:49,1
DA:50,2
DA:51,3
DA:52,1
DA:55,1
DA:57,1
DA:58,4
DA:61,1
DA:63,1
DA:64,1
DA:65,2
DA:67,2
DA:70,1
DA:72,1
DA:73,1
DA:74,2
DA:75,3
DA:76,1
DA:79,1
DA:81,1
DA:82,1
DA:83,2
DA:84,3
DA:85,1
DA:88,1
DA:90,1
DA:91,1
DA:92,2
DA:94,4
DA:97,1
DA:99,1
DA:100,4
DA:103,1
DA:105,1
DA:106,4
DA:109,1
DA:111,2
DA:113,1
DA:115,2
DA:116,5
LF:55
LH:55
end_of_record
SF:./core/lib/data/datasources/db/database_helper.dart
DA:9,0
DA:13,0
DA:17,0
DA:18,0
DA:25,0
DA:26,0
DA:27,0
DA:29,0
DA:32,0
DA:38,0
DA:39,0
DA:48,0
DA:58,0
DA:59,0
DA:60,0
DA:63,0
DA:64,0
DA:65,0
DA:68,0
DA:72,0
DA:73,0
DA:74,0
DA:77,0
DA:80,0
DA:81,0
DA:87,0
DA:88,0
DA:89,0
DA:94,0
DA:95,0
DA:96,0
DA:99,0
DA:100,0
DA:101,0
DA:104,0
DA:108,0
DA:109,0
DA:110,0
DA:113,0
DA:116,0
DA:117,0
DA:123,0
DA:124,0
DA:125,0
LF:44
LH:0
end_of_record
SF:./tv_series/lib/domain/usecases/get_watchlist_tv_series.dart
DA:9,1
DA:11,1
DA:12,2
LF:3
LH:3
end_of_record
SF:./tv_series/lib/presentation/bloc/watchlist_tv_state.dart
DA:4,1
DA:6,1
DA:7,1
DA:17,1
DA:19,1
DA:20,2
DA:26,1
DA:28,1
DA:29,2
LF:9
LH:9
end_of_record
SF:./tv_series/lib/presentation/bloc/watchlist_tv_bloc.dart
DA:11,3
DA:12,2
DA:13,2
DA:14,2
DA:15,1
DA:16,4
DA:17,3
LF:7
LH:7
end_of_record
SF:./tv_series/lib/presentation/bloc/watchlist_tv_event.dart
DA:4,1
DA:6,0
DA:7,0
LF:3
LH:1
end_of_record
SF:./tv_series/lib/dummy_data/dummy_tv_objects.dart
DA:9,9
DA:12,3
DA:14,3
DA:27,27
DA:30,9
DA:32,9
DA:45,4
DA:46,28
DA:51,12
DA:52,3
DA:54,3
DA:57,1
DA:59,1
DA:60,1
DA:61,1
DA:66,1
DA:71,1
DA:84,18
DA:87,6
DA:89,18
DA:99,6
DA:106,3
DA:113,3
LF:23
LH:23
end_of_record
SF:./tv_series/lib/domain/entities/tv_series.dart
DA:4,9
DA:21,1
DA:28,1
DA:29,1
DA:52,6
DA:53,6
DA:54,6
DA:55,6
DA:56,6
DA:57,6
DA:58,6
DA:59,6
DA:60,6
DA:61,6
DA:62,6
DA:63,6
DA:64,6
DA:65,6
DA:66,6
DA:67,6
LF:20
LH:20
end_of_record
SF:./tv_series/lib/domain/entities/tv_series_detail.dart
DA:5,6
DA:33,2
DA:34,2
DA:35,2
DA:36,2
DA:37,2
DA:38,2
DA:39,2
DA:40,2
DA:41,2
DA:42,2
DA:43,2
DA:44,2
DA:45,2
DA:46,2
LF:15
LH:15
end_of_record
SF:./tv_series/lib/data/models/tv_series_detail_model.dart
DA:7,2
DA:59,1
DA:60,1
DA:61,1
DA:62,1
DA:63,4
DA:64,1
DA:65,1
DA:66,4
DA:68,1
DA:69,1
DA:70,1
DA:71,4
DA:72,1
DA:73,1
DA:74,1
DA:75,1
DA:76,4
DA:77,1
DA:78,1
DA:79,1
DA:80,2
DA:81,1
DA:82,1
DA:83,1
DA:84,1
DA:85,2
DA:86,1
DA:89,1
DA:90,1
DA:91,1
DA:92,1
DA:93,1
DA:94,1
DA:95,5
DA:96,1
DA:97,1
DA:98,1
DA:99,1
DA:100,1
DA:101,1
DA:102,1
DA:106,1
DA:107,1
DA:108,1
DA:109,1
DA:110,1
DA:111,1
DA:112,1
DA:113,1
DA:114,1
DA:115,1
DA:116,1
DA:117,1
DA:118,1
DA:119,1
DA:120,1
DA:121,1
DA:122,1
DA:123,1
DA:124,1
DA:125,1
DA:126,1
DA:127,1
DA:128,1
DA:129,1
DA:130,1
DA:131,1
LF:68
LH:68
end_of_record
SF:./tv_series/lib/data/models/tv_series_model.dart
DA:5,4
DA:37,4
DA:38,2
DA:39,2
DA:40,8
DA:41,2
DA:42,8
DA:43,2
DA:44,2
DA:45,2
DA:46,4
DA:47,2
DA:48,2
DA:49,2
DA:50,4
DA:51,2
DA:54,2
DA:55,1
DA:56,1
DA:57,4
DA:58,1
DA:59,4
DA:60,1
DA:61,1
DA:62,1
DA:63,1
DA:64,1
DA:65,1
DA:66,1
DA:67,1
DA:68,1
DA:71,2
DA:72,2
DA:73,2
DA:74,2
DA:75,2
DA:76,2
DA:77,2
DA:78,2
DA:79,2
DA:80,2
DA:81,2
DA:82,2
DA:83,2
DA:84,2
DA:85,2
DA:86,2
DA:90,2
DA:91,2
DA:92,2
DA:93,2
DA:94,2
DA:95,2
DA:96,2
DA:97,2
DA:98,2
DA:99,2
DA:100,2
DA:101,2
DA:102,2
DA:103,2
DA:104,2
DA:105,2
LF:63
LH:63
end_of_record
SF:./tv_series/lib/data/models/tv_series_table.dart
DA:11,2
DA:18,2
DA:19,1
DA:20,1
DA:21,1
DA:22,1
DA:25,2
DA:26,1
DA:27,1
DA:28,1
DA:29,1
DA:32,0
DA:33,0
DA:34,0
DA:35,0
DA:36,0
DA:39,2
DA:40,1
DA:41,1
DA:42,1
DA:43,1
DA:46,2
DA:47,10
LF:23
LH:18
end_of_record
SF:./tv_series/lib/presentation/widgets/tv_series_card_list.dart
DA:11,1
DA:13,1
DA:15,1
DA:17,1
DA:18,1
DA:19,1
DA:22,2
DA:25,1
DA:27,1
DA:28,1
DA:29,1
DA:35,1
DA:37,1
DA:38,1
DA:39,2
DA:42,1
DA:44,1
DA:45,1
DA:46,2
DA:54,1
DA:56,1
DA:57,2
DA:58,1
DA:59,3
DA:62,1
DA:63,2
DA:64,0
LF:27
LH:26
end_of_record
SF:./tv_series/lib/domain/usecases/get_top_rated_tvs.dart
DA:9,1
DA:11,1
DA:12,2
LF:3
LH:3
end_of_record
SF:./tv_series/lib/presentation/bloc/top_rated_tvs_state.dart
DA:4,1
DA:6,1
DA:7,1
DA:17,0
DA:19,0
DA:20,0
DA:26,1
DA:28,1
DA:29,2
LF:9
LH:6
end_of_record
SF:./tv_series/lib/presentation/bloc/top_rated_tvs_event.dart
DA:4,1
DA:6,0
DA:7,0
LF:3
LH:1
end_of_record
SF:./tv_series/lib/presentation/bloc/top_rated_tvs_bloc.dart
DA:11,3
DA:12,2
DA:13,2
DA:14,2
DA:15,1
DA:16,4
DA:17,0
LF:7
LH:6
end_of_record
SF:./tv_series/lib/domain/usecases/get_tv_detail.dart
DA:9,1
DA:11,1
DA:12,2
LF:3
LH:3
end_of_record
SF:./tv_series/lib/domain/usecases/get_tv_recommendations.dart
DA:9,1
DA:11,1
DA:12,2
LF:3
LH:3
end_of_record
SF:./tv_series/lib/domain/usecases/get_watchlist_status_tv_series.dart
DA:6,1
DA:8,1
DA:9,2
LF:3
LH:3
end_of_record
SF:./tv_series/lib/domain/usecases/remove_watchlist_tv.dart
DA:9,1
DA:11,1
DA:12,2
LF:3
LH:3
end_of_record
SF:./tv_series/lib/domain/usecases/save_watchlist_tv_series.dart
DA:9,1
DA:11,1
DA:12,2
LF:3
LH:3
end_of_record
SF:./tv_series/lib/presentation/bloc/tv_detail_bloc.dart
DA:18,1
DA:24,2
DA:25,2
DA:26,2
DA:27,2
DA:28,2
DA:31,1
DA:35,2
DA:36,3
DA:37,3
DA:38,3
DA:40,1
DA:41,4
DA:42,2
DA:43,0
DA:44,2
DA:45,1
DA:55,1
DA:59,2
DA:60,1
DA:61,3
DA:63,1
DA:64,0
DA:65,1
DA:67,4
DA:68,1
DA:69,1
DA:77,1
DA:81,2
DA:82,1
DA:83,3
DA:85,1
DA:86,0
DA:87,1
DA:89,4
DA:90,1
DA:91,1
DA:99,1
DA:103,2
DA:104,1
DA:105,3
DA:106,2
LF:42
LH:39
end_of_record
SF:./tv_series/lib/presentation/bloc/tv_detail_event.dart
DA:5,2
DA:7,0
DA:8,0
DA:14,2
DA:16,0
DA:17,0
DA:23,2
DA:25,1
DA:26,2
DA:32,2
DA:34,1
DA:35,2
DA:41,2
DA:43,0
DA:44,0
LF:15
LH:9
end_of_record
SF:./tv_series/lib/presentation/bloc/tv_detail_state.dart
DA:6,2
DA:8,1
DA:9,1
DA:22,2
DA:29,1
DA:35,1
DA:36,1
DA:37,1
DA:38,0
DA:39,1
DA:43,1
DA:44,1
DA:45,1
DA:46,1
DA:47,1
DA:48,1
DA:55,2
DA:57,1
DA:58,2
LF:19
LH:18
end_of_record
SF:./tv_series/lib/domain/usecases/get_popular_tvs.dart
DA:9,1
DA:11,1
DA:12,2
LF:3
LH:3
end_of_record
SF:./tv_series/lib/presentation/bloc/popular_tvs_bloc.dart
DA:11,3
DA:12,2
DA:13,2
DA:14,4
DA:15,1
DA:16,4
DA:17,3
LF:7
LH:7
end_of_record
SF:./tv_series/lib/presentation/bloc/popular_tvs_state.dart
DA:4,1
DA:6,1
DA:7,1
DA:17,1
DA:19,1
DA:20,2
DA:26,1
DA:28,1
DA:29,2
LF:9
LH:9
end_of_record
SF:./tv_series/lib/presentation/bloc/popular_tvs_event.dart
DA:4,1
DA:6,0
DA:7,0
LF:3
LH:1
end_of_record
SF:./tv_series/lib/domain/usecases/get_now_playing_tvs.dart
DA:9,1
DA:11,1
DA:12,2
LF:3
LH:3
end_of_record
SF:./tv_series/lib/presentation/bloc/now_playing_tvs_state.dart
DA:4,1
DA:6,1
DA:7,1
DA:17,1
DA:19,1
DA:20,2
DA:26,1
DA:28,1
DA:29,2
LF:9
LH:9
end_of_record
SF:./tv_series/lib/presentation/bloc/now_playing_tvs_bloc.dart
DA:11,3
DA:12,2
DA:13,2
DA:14,4
DA:15,1
DA:16,4
DA:17,3
LF:7
LH:7
end_of_record
SF:./tv_series/lib/presentation/bloc/now_playing_tvs_event.dart
DA:4,1
DA:6,0
DA:7,0
LF:3
LH:1
end_of_record
SF:./tv_series/lib/data/datasources/tv_series_local_data_source.dart
DA:15,1
DA:17,1
DA:19,2
DA:21,1
DA:27,1
DA:29,2
DA:30,4
DA:33,1
DA:36,2
DA:39,2
DA:43,1
DA:46,2
DA:49,2
LF:13
LH:13
end_of_record
SF:./tv_series/lib/data/datasources/tv_series_remote_data_source.dart
DA:24,1
DA:29,1
DA:31,3
DA:32,2
DA:33,1
DA:36,2
DA:37,4
DA:39,1
DA:43,1
DA:45,3
DA:46,3
DA:48,2
DA:49,4
DA:51,1
DA:55,1
DA:57,3
DA:58,2
DA:59,1
DA:62,2
DA:63,4
DA:65,1
DA:69,1
DA:71,3
DA:72,4
DA:74,2
DA:75,3
DA:77,1
DA:81,1
DA:83,3
DA:84,2
DA:85,2
DA:88,2
DA:89,4
DA:91,1
DA:95,1
DA:97,3
DA:98,2
DA:99,2
DA:102,2
DA:103,4
DA:105,1
LF:41
LH:41
end_of_record
SF:./tv_series/lib/data/models/tv_series_response.dart
DA:7,2
DA:9,2
DA:10,2
DA:11,2
DA:12,8
DA:16,2
DA:17,5
DA:20,1
DA:21,2
LF:9
LH:9
end_of_record
SF:./tv_series/lib/presentation/pages/tv_detail_page.dart
DA:17,1
DA:19,1
DA:20,1
DA:24,1
DA:26,1
DA:27,2
DA:28,1
DA:29,6
DA:30,6
DA:35,1
DA:37,1
DA:38,1
DA:39,1
DA:40,1
DA:41,2
DA:42,1
DA:43,1
DA:44,1
DA:45,1
DA:47,1
DA:48,1
DA:51,1
DA:52,2
DA:54,0
DA:67,1
DA:74,1
DA:76,3
DA:77,1
DA:78,1
DA:79,1
DA:80,3
DA:83,3
DA:84,0
DA:86,1
DA:88,1
DA:89,1
DA:90,1
DA:91,1
DA:93,2
DA:96,1
DA:97,1
DA:98,1
DA:100,1
DA:102,1
DA:104,1
DA:105,4
DA:106,1
DA:107,0
DA:108,0
DA:109,0
DA:110,0
DA:111,0
DA:112,0
DA:117,1
DA:118,1
DA:119,1
DA:120,1
DA:121,1
DA:122,1
DA:123,2
DA:124,2
DA:127,2
DA:128,2
DA:133,1
DA:135,1
DA:136,1
DA:137,1
DA:138,1
DA:150,4
DA:151,1
DA:152,1
DA:153,4
DA:154,3
DA:158,1
DA:159,1
DA:160,1
DA:161,3
DA:164,2
DA:170,4
DA:173,1
DA:174,2
DA:175,3
DA:176,1
DA:177,2
DA:178,1
DA:179,1
DA:180,1
DA:181,0
DA:182,0
DA:184,1
DA:185,0
DA:186,1
DA:187,1
DA:189,1
DA:191,1
DA:192,2
DA:193,1
DA:195,1
DA:196,0
DA:197,0
DA:200,0
DA:203,1
DA:204,1
DA:205,1
DA:207,1
DA:209,2
DA:211,2
DA:213,1
DA:216,0
DA:217,0
DA:223,2
DA:227,0
DA:235,1
DA:237,1
DA:250,1
DA:252,1
DA:255,1
DA:256,1
DA:257,0
DA:258,0
DA:267,1
DA:269,2
DA:270,3
DA:273,1
DA:277,3
DA:280,1
DA:281,1
DA:282,1
DA:284,1
DA:285,0
DA:287,1
LF:131
LH:111
end_of_record
SF:./tv_series/lib/data/repositories/tv_series_repository_impl.dart
DA:17,1
DA:22,1
DA:26,1
DA:27,1
DA:28,1
DA:29,2
DA:30,1
DA:31,2
DA:35,1
DA:39,1
DA:40,1
DA:41,1
DA:42,3
DA:46,1
DA:48,1
DA:49,1
DA:50,2
DA:51,3
DA:52,1
DA:55,1
DA:57,1
DA:58,1
DA:59,2
DA:60,3
DA:61,1
DA:64,1
DA:66,1
DA:67,1
DA:68,2
DA:69,3
DA:70,1
DA:73,1
DA:75,1
DA:76,4
DA:79,1
DA:82,1
DA:83,1
DA:84,2
DA:86,2
DA:89,1
DA:91,2
DA:92,5
DA:95,1
DA:97,2
DA:99,1
DA:102,1
DA:103,4
DA:106,1
DA:109,1
DA:110,4
DA:113,1
DA:115,1
DA:116,1
DA:117,2
DA:119,4
LF:55
LH:55
end_of_record
